2022-07-25 11:05:30:530 - [32minfo[39m: [32mConectado com sucesso ao banco de dados !![39m
2022-07-25 11:05:30:530 - [32minfo[39m: [32mAplicação está funcionando na porta 3000[39m
2022-07-25 11:06:34:634 - [32minfo[39m : [32mConectado com sucesso ao banco de dados !![39m}
2022-07-25 11:06:34:634 - [32minfo[39m : [32mAplicação está funcionando na porta 3000[39m}
2022-07-25 11:06:43:643 - [35mhttp[39m : [35mGET /api/test : status 14 -3.916 ms[39m
[35m[39m}
2022-07-25 11:06:56:656 - [32minfo[39m : [32mConectado com sucesso ao banco de dados !![39m}
2022-07-25 11:06:56:656 - [32minfo[39m : [32mAplicação está funcionando na porta 3000[39m}
2022-07-25 11:14:09:149 - [32minfo[39m : [32mConectado com sucesso ao banco de dados !![39m}
2022-07-25 11:14:09:149 - [32minfo[39m : [32mAplicação está funcionando na porta 3000[39m}
2022-07-25 11:14:22:1422 - [32minfo[39m : [32mConectado com sucesso ao banco de dados !![39m}
2022-07-25 11:14:22:1422 - [32minfo[39m : [32mAplicação está funcionando na porta 3000[39m}
2022-07-25 11:16:16:1616 - [35mhttp[39m : [35mPOST /api/movie/ : status 22 -4.277 ms[39m
[35m[39m}
2022-07-25 11:16:44:1644 - [32minfo[39m : [32mConectado com sucesso ao banco de dados !![39m}
2022-07-25 11:16:44:1644 - [32minfo[39m : [32mAplicação está funcionando na porta 3000[39m}
2022-07-25 11:16:54:1654 - [32minfo[39m : [32mConectado com sucesso ao banco de dados !![39m}
2022-07-25 11:16:54:1654 - [32minfo[39m : [32mAplicação está funcionando na porta 3000[39m}
2022-07-25 11:17:00:170 - [32minfo[39m : [32mConectado com sucesso ao banco de dados !![39m}
2022-07-25 11:17:00:170 - [32minfo[39m : [32mAplicação está funcionando na porta 3000[39m}
2022-07-25 11:17:16:1716 - [32minfo[39m : [32mConectado com sucesso ao banco de dados !![39m}
2022-07-25 11:17:16:1716 - [32minfo[39m : [32mAplicação está funcionando na porta 3000[39m}
2022-07-25 11:17:23:1723 - [32minfo[39m : [32mConectado com sucesso ao banco de dados !![39m}
2022-07-25 11:17:23:1723 - [32minfo[39m : [32mAplicação está funcionando na porta 3000[39m}
2022-07-25 11:17:34:1734 - [32minfo[39m : [32mConectado com sucesso ao banco de dados !![39m}
2022-07-25 11:17:34:1734 - [32minfo[39m : [32mAplicação está funcionando na porta 3000[39m}
2022-07-25 11:17:37:1737 - [32minfo[39m : [32mConectado com sucesso ao banco de dados !![39m}
2022-07-25 11:17:37:1737 - [32minfo[39m : [32mAplicação está funcionando na porta 3000[39m}
2022-07-25 11:18:02:182 - [32minfo[39m : [32mConectado com sucesso ao banco de dados !![39m}
2022-07-25 11:18:02:182 - [32minfo[39m : [32mAplicação está funcionando na porta 3000[39m}
2022-07-25 11:18:08:188 - [32minfo[39m : [32mConectado com sucesso ao banco de dados !![39m}
2022-07-25 11:18:08:188 - [32minfo[39m : [32mAplicação está funcionando na porta 3000[39m}
2022-07-25 11:18:15:1815 - [32minfo[39m : [32mConectado com sucesso ao banco de dados !![39m}
2022-07-25 11:18:15:1815 - [32minfo[39m : [32mAplicação está funcionando na porta 3000[39m}
2022-07-25 11:19:04:194 - [35mhttp[39m : [35mPOST /api/movie/ : status 155 -88.119 ms[39m
[35m[39m}
2022-07-25 11:50:31:5031 - [32minfo[39m : [32mConectado com sucesso ao banco de dados !![39m}
2022-07-25 11:50:31:5031 - [32minfo[39m : [32mAplicação está funcionando na porta 3000[39m}
2022-07-25 11:50:34:5034 - [32minfo[39m : [32mConectado com sucesso ao banco de dados !![39m}
2022-07-25 11:50:34:5034 - [32minfo[39m : [32mAplicação está funcionando na porta 3000[39m}
2022-07-25 11:50:37:5037 - [32minfo[39m : [32mConectado com sucesso ao banco de dados !![39m}
2022-07-25 11:50:37:5037 - [32minfo[39m : [32mAplicação está funcionando na porta 3000[39m}
2022-07-25 11:50:46:5046 - [32minfo[39m : [32mConectado com sucesso ao banco de dados !![39m}
2022-07-25 11:50:46:5046 - [32minfo[39m : [32mAplicação está funcionando na porta 3000[39m}
2022-07-25 11:51:33:5133 - [32minfo[39m : [32mConectado com sucesso ao banco de dados !![39m}
2022-07-25 11:51:33:5133 - [32minfo[39m : [32mAplicação está funcionando na porta 3000[39m}
2022-07-25 11:51:38:5138 - [32minfo[39m : [32mConectado com sucesso ao banco de dados !![39m}
2022-07-25 11:51:38:5138 - [32minfo[39m : [32mAplicação está funcionando na porta 3000[39m}
2022-07-25 11:52:07:527 - [35mhttp[39m : [35mPOST /api/movie/ : status 151 -91.572 ms[39m
[35m[39m}
2022-07-25 11:52:40:5240 - [32minfo[39m : [32mConectado com sucesso ao banco de dados !![39m}
2022-07-25 11:52:40:5240 - [32minfo[39m : [32mAplicação está funcionando na porta 3000[39m}
2022-07-25 11:52:42:5242 - [32minfo[39m : [32mConectado com sucesso ao banco de dados !![39m}
2022-07-25 11:52:42:5242 - [32minfo[39m : [32mAplicação está funcionando na porta 3000[39m}
2022-07-26 08:39:32:3932 - [32minfo[39m : [32mConectado com sucesso ao banco de dados !![39m}
2022-07-26 08:39:32:3932 - [32minfo[39m : [32mAplicação está funcionando na porta 3000[39m}
2022-07-26 08:40:12:4012 - [35mhttp[39m : [35mGET /api/test : status 14 -50.365 ms[39m
[35m[39m}
2022-07-26 08:42:13:4213 - [32minfo[39m : [32mConectado com sucesso ao banco de dados !![39m}
2022-07-26 08:42:13:4213 - [32minfo[39m : [32mAplicação está funcionando na porta 3000[39m}
2022-07-26 08:47:47:4747 - [32minfo[39m : [32mConectado com sucesso ao banco de dados !![39m}
2022-07-26 08:47:47:4747 - [32minfo[39m : [32mAplicação está funcionando na porta 3000[39m}
2022-07-26 08:48:32:4832 - [32minfo[39m : [32mConectado com sucesso ao banco de dados !![39m}
2022-07-26 08:48:32:4832 - [32minfo[39m : [32mAplicação está funcionando na porta 3000[39m}
2022-07-26 08:48:59:4859 - [35mhttp[39m : [35mGET /api/test : status 14 -11.198 ms[39m
[35m[39m}
2022-07-26 08:49:15:4915 - [35mhttp[39m : [35mPOST /api/movie/ : status 50 -9.381 ms[39m
[35m[39m}
2022-07-26 08:50:15:5015 - [32minfo[39m : [32mConectado com sucesso ao banco de dados !![39m}
2022-07-26 08:50:15:5015 - [32minfo[39m : [32mAplicação está funcionando na porta 3000[39m}
2022-07-26 08:50:20:5020 - [32minfo[39m : [32mConectado com sucesso ao banco de dados !![39m}
2022-07-26 08:50:20:5020 - [32minfo[39m : [32mAplicação está funcionando na porta 3000[39m}
2022-07-26 08:50:38:5038 - [32minfo[39m : [32mConectado com sucesso ao banco de dados !![39m}
2022-07-26 08:50:38:5038 - [32minfo[39m : [32mAplicação está funcionando na porta 3000[39m}
2022-07-26 08:50:44:5044 - [32minfo[39m : [32mConectado com sucesso ao banco de dados !![39m}
2022-07-26 08:50:44:5044 - [32minfo[39m : [32mAplicação está funcionando na porta 3000[39m}
2022-07-26 08:50:50:5050 - [32minfo[39m : [32mConectado com sucesso ao banco de dados !![39m}
2022-07-26 08:50:50:5050 - [32minfo[39m : [32mAplicação está funcionando na porta 3000[39m}
2022-07-26 08:51:01:511 - [35mhttp[39m : [35mPOST /api/movie/ : status 69 -12.440 ms[39m
[35m[39m}
2022-07-26 08:51:44:5144 - [32minfo[39m : [32mConectado com sucesso ao banco de dados !![39m}
2022-07-26 08:51:44:5144 - [32minfo[39m : [32mAplicação está funcionando na porta 3000[39m}
2022-07-26 08:52:27:5227 - [35mhttp[39m : [35mPOST /api/movie/ : status 55 -16.434 ms[39m
[35m[39m}
2022-07-26 08:52:49:5249 - [35mhttp[39m : [35mPOST /api/movie/ : status 172 -111.728 ms[39m
[35m[39m}
2022-07-26 08:53:05:535 - [35mhttp[39m : [35mPOST /api/movie/ : status 55 -2.080 ms[39m
[35m[39m}
2022-07-26 08:53:32:5332 - [32minfo[39m : [32mConectado com sucesso ao banco de dados !![39m}
2022-07-26 08:53:32:5332 - [32minfo[39m : [32mAplicação está funcionando na porta 3000[39m}
2022-07-26 08:53:41:5341 - [32minfo[39m : [32mConectado com sucesso ao banco de dados !![39m}
2022-07-26 08:53:41:5341 - [32minfo[39m : [32mAplicação está funcionando na porta 3000[39m}
2022-07-26 08:54:05:545 - [32minfo[39m : [32mConectado com sucesso ao banco de dados !![39m}
2022-07-26 08:54:05:545 - [32minfo[39m : [32mAplicação está funcionando na porta 3000[39m}
2022-07-26 08:54:15:5415 - [32minfo[39m : [32mConectado com sucesso ao banco de dados !![39m}
2022-07-26 08:54:15:5415 - [32minfo[39m : [32mAplicação está funcionando na porta 3000[39m}
2022-07-26 08:54:21:5421 - [35mhttp[39m : [35mPOST /api/movie/ : status 57 -26.973 ms[39m
[35m[39m}
2022-07-26 08:54:37:5437 - [32minfo[39m : [32mConectado com sucesso ao banco de dados !![39m}
2022-07-26 08:54:37:5437 - [32minfo[39m : [32mAplicação está funcionando na porta 3000[39m}
2022-07-26 08:54:42:5442 - [32minfo[39m : [32mConectado com sucesso ao banco de dados !![39m}
2022-07-26 08:54:42:5442 - [32minfo[39m : [32mAplicação está funcionando na porta 3000[39m}
2022-07-26 08:54:49:5449 - [32minfo[39m : [32mConectado com sucesso ao banco de dados !![39m}
2022-07-26 08:54:49:5449 - [32minfo[39m : [32mAplicação está funcionando na porta 3000[39m}
2022-07-26 08:55:06:556 - [32minfo[39m : [32mConectado com sucesso ao banco de dados !![39m}
2022-07-26 08:55:06:556 - [32minfo[39m : [32mAplicação está funcionando na porta 3000[39m}
2022-07-26 08:55:10:5510 - [32minfo[39m : [32mConectado com sucesso ao banco de dados !![39m}
2022-07-26 08:55:10:5510 - [32minfo[39m : [32mAplicação está funcionando na porta 3000[39m}
2022-07-26 08:55:19:5519 - [32minfo[39m : [32mConectado com sucesso ao banco de dados !![39m}
2022-07-26 08:55:19:5519 - [32minfo[39m : [32mAplicação está funcionando na porta 3000[39m}
2022-07-26 08:55:25:5525 - [32minfo[39m : [32mConectado com sucesso ao banco de dados !![39m}
2022-07-26 08:55:26:5526 - [32minfo[39m : [32mAplicação está funcionando na porta 3000[39m}
2022-07-26 08:55:35:5535 - [35mhttp[39m : [35mPOST /api/movie/ : status 104 -24.937 ms[39m
[35m[39m}
2022-07-26 08:55:40:5540 - [35mhttp[39m : [35mPOST /api/movie/ : status 59 -4.444 ms[39m
[35m[39m}
2022-07-26 08:56:00:560 - [35mhttp[39m : [35mPOST /api/movie/ : status 224 -108.227 ms[39m
[35m[39m}
2022-07-26 08:56:20:5620 - [32minfo[39m : [32mConectado com sucesso ao banco de dados !![39m}
2022-07-26 08:56:20:5620 - [32minfo[39m : [32mAplicação está funcionando na porta 3000[39m}
2022-07-26 08:56:46:5646 - [35mhttp[39m : [35mPOST /api/movie/ : status 61 -20.531 ms[39m
[35m[39m}
2022-07-26 08:56:47:5647 - [32minfo[39m : [32mConectado com sucesso ao banco de dados !![39m}
2022-07-26 08:56:47:5647 - [32minfo[39m : [32mAplicação está funcionando na porta 3000[39m}
2022-07-26 08:57:12:5712 - [35mhttp[39m : [35mPOST /api/movie/ : status 268 -108.784 ms[39m
[35m[39m}
2022-07-26 08:57:25:5725 - [32minfo[39m : [32mConectado com sucesso ao banco de dados !![39m}
2022-07-26 08:57:25:5725 - [32minfo[39m : [32mAplicação está funcionando na porta 3000[39m}
2022-07-26 08:57:31:5731 - [32minfo[39m : [32mConectado com sucesso ao banco de dados !![39m}
2022-07-26 08:57:31:5731 - [32minfo[39m : [32mAplicação está funcionando na porta 3000[39m}
2022-07-26 08:57:54:5754 - [32minfo[39m : [32mConectado com sucesso ao banco de dados !![39m}
2022-07-26 08:57:54:5754 - [32minfo[39m : [32mAplicação está funcionando na porta 3000[39m}
2022-07-26 08:58:11:5811 - [35mhttp[39m : [35mPOST /api/movie/ : status 56 -25.380 ms[39m
[35m[39m}
2022-07-26 08:59:52:5952 - [35mhttp[39m : [35mPOST /api/movie/ : status 294 -262.308 ms[39m
[35m[39m}
2022-07-26 09:00:35:035 - [35mhttp[39m : [35mPOST /api/movie/ : status 294 -67.058 ms[39m
[35m[39m}
2022-07-26 09:05:39:539 - [32minfo[39m : [32mConectado com sucesso ao banco de dados !![39m}
2022-07-26 09:05:39:539 - [32minfo[39m : [32mAplicação está funcionando na porta 3000[39m}
2022-07-26 09:05:43:543 - [35mhttp[39m : [35mPOST /api/movie/ : status 294 -208.267 ms[39m
[35m[39m}
2022-07-26 09:06:15:615 - [32minfo[39m : [32mConectado com sucesso ao banco de dados !![39m}
2022-07-26 09:06:15:615 - [32minfo[39m : [32mAplicação está funcionando na porta 3000[39m}
2022-07-26 09:06:18:618 - [35mhttp[39m : [35mPOST /api/movie/ : status 741 -142.387 ms[39m
[35m[39m}
2022-07-26 09:08:08:88 - [32minfo[39m : [32mConectado com sucesso ao banco de dados !![39m}
2022-07-26 09:08:08:88 - [32minfo[39m : [32mAplicação está funcionando na porta 3000[39m}
2022-07-26 09:08:23:823 - [32minfo[39m : [32mConectado com sucesso ao banco de dados !![39m}
2022-07-26 09:08:23:823 - [32minfo[39m : [32mAplicação está funcionando na porta 3000[39m}
2022-07-26 09:08:28:828 - [32minfo[39m : [32mConectado com sucesso ao banco de dados !![39m}
2022-07-26 09:08:28:828 - [32minfo[39m : [32mAplicação está funcionando na porta 3000[39m}
2022-07-26 09:08:42:842 - [32minfo[39m : [32mConectado com sucesso ao banco de dados !![39m}
2022-07-26 09:08:42:842 - [32minfo[39m : [32mAplicação está funcionando na porta 3000[39m}
2022-07-26 09:08:58:858 - [32minfo[39m : [32mConectado com sucesso ao banco de dados !![39m}
2022-07-26 09:08:58:858 - [32minfo[39m : [32mAplicação está funcionando na porta 3000[39m}
2022-07-26 09:09:12:912 - [32minfo[39m : [32mConectado com sucesso ao banco de dados !![39m}
2022-07-26 09:09:12:912 - [32minfo[39m : [32mAplicação está funcionando na porta 3000[39m}
2022-07-26 09:09:21:921 - [32minfo[39m : [32mConectado com sucesso ao banco de dados !![39m}
2022-07-26 09:09:21:921 - [32minfo[39m : [32mAplicação está funcionando na porta 3000[39m}
2022-07-26 09:09:25:925 - [32minfo[39m : [32mConectado com sucesso ao banco de dados !![39m}
2022-07-26 09:09:25:925 - [32minfo[39m : [32mAplicação está funcionando na porta 3000[39m}
2022-07-26 09:10:37:1037 - [32minfo[39m : [32mConectado com sucesso ao banco de dados !![39m}
2022-07-26 09:10:37:1037 - [32minfo[39m : [32mAplicação está funcionando na porta 3000[39m}
2022-07-26 09:11:07:117 - [32minfo[39m : [32mConectado com sucesso ao banco de dados !![39m}
2022-07-26 09:11:07:117 - [32minfo[39m : [32mAplicação está funcionando na porta 3000[39m}
2022-07-26 09:11:13:1113 - [32minfo[39m : [32mConectado com sucesso ao banco de dados !![39m}
2022-07-26 09:11:13:1113 - [32minfo[39m : [32mAplicação está funcionando na porta 3000[39m}
2022-07-26 09:11:32:1132 - [32minfo[39m : [32mConectado com sucesso ao banco de dados !![39m}
2022-07-26 09:11:32:1132 - [32minfo[39m : [32mAplicação está funcionando na porta 3000[39m}
2022-07-26 09:12:50:1250 - [35mhttp[39m : [35mGET /api/movie/62dfd8ba5c6324257ee9fb0c : status - -- ms[39m
[35m[39m}
2022-07-26 09:12:54:1254 - [31merror[39m : [31mErro no sistema: Cast to ObjectId failed for value "62dfd8ba5c6324257ee9fb0" (type string) at path "_id" for model "Movie"[39m}
2022-07-26 09:13:44:1344 - [32minfo[39m : [32mConectado com sucesso ao banco de dados !![39m}
2022-07-26 09:13:44:1344 - [32minfo[39m : [32mAplicação está funcionando na porta 3000[39m}
2022-07-26 09:15:23:1523 - [31merror[39m : [31mErro no sistema: Cast to ObjectId failed for value "62dfd8ba5c6324" (type string) at path "_id" for model "Movie"[39m}
2022-07-26 09:17:49:1749 - [32minfo[39m : [32mConectado com sucesso ao banco de dados !![39m}
2022-07-26 09:17:49:1749 - [32minfo[39m : [32mAplicação está funcionando na porta 3000[39m}
2022-07-26 09:17:58:1758 - [32minfo[39m : [32mConectado com sucesso ao banco de dados !![39m}
2022-07-26 09:17:58:1758 - [32minfo[39m : [32mAplicação está funcionando na porta 3000[39m}
2022-07-26 09:18:10:1810 - [32minfo[39m : [32mConectado com sucesso ao banco de dados !![39m}
2022-07-26 09:18:10:1810 - [32minfo[39m : [32mAplicação está funcionando na porta 3000[39m}
2022-07-26 09:18:17:1817 - [31merror[39m : [31mErro no sistema: Cast to ObjectId failed for value "62dfd8ba5c6324" (type string) at path "_id" for model "Movie"[39m}
2022-07-26 09:18:17:1817 - [32minfo[39m : [32mConectado com sucesso ao banco de dados !![39m}
2022-07-26 09:18:17:1817 - [32minfo[39m : [32mAplicação está funcionando na porta 3000[39m}
2022-07-26 09:18:24:1824 - [35mhttp[39m : [35mGET /api/movie/62dfd8ba5c6324 : status - -- ms[39m
[35m[39m}
2022-07-26 09:18:25:1825 - [31merror[39m : [31mErro no sistema: Cast to ObjectId failed for value "62dfd8ba5c6324" (type string) at path "_id" for model "Movie"[39m}
2022-07-26 09:18:48:1848 - [32minfo[39m : [32mConectado com sucesso ao banco de dados !![39m}
2022-07-26 09:18:48:1848 - [32minfo[39m : [32mAplicação está funcionando na porta 3000[39m}
2022-07-26 09:19:01:191 - [32minfo[39m : [32mConectado com sucesso ao banco de dados !![39m}
2022-07-26 09:19:01:191 - [32minfo[39m : [32mAplicação está funcionando na porta 3000[39m}
2022-07-26 09:19:03:193 - [31merror[39m : [31mErro no sistema: Cast to ObjectId failed for value "62dfd8ba5c6324" (type string) at path "_id" for model "Movie"[39m}
2022-07-26 09:19:23:1923 - [32minfo[39m : [32mConectado com sucesso ao banco de dados !![39m}
2022-07-26 09:19:23:1923 - [32minfo[39m : [32mAplicação está funcionando na porta 3000[39m}
2022-07-26 09:19:27:1927 - [31merror[39m : [31mErro no sistema: Cast to ObjectId failed for value "62dfd8ba5c6324" (type string) at path "_id" for model "Movie"[39m}
2022-07-26 09:19:39:1939 - [32minfo[39m : [32mConectado com sucesso ao banco de dados !![39m}
2022-07-26 09:19:39:1939 - [32minfo[39m : [32mAplicação está funcionando na porta 3000[39m}
2022-07-26 09:19:44:1944 - [31merror[39m : [31mErro no sistema: Cast to ObjectId failed for value "62dfd8ba5c6324" (type string) at path "_id" for model "Movie"[39m}
2022-07-26 09:20:03:203 - [32minfo[39m : [32mConectado com sucesso ao banco de dados !![39m}
2022-07-26 09:20:03:203 - [32minfo[39m : [32mAplicação está funcionando na porta 3000[39m}
2022-07-26 09:20:11:2011 - [32minfo[39m : [32mConectado com sucesso ao banco de dados !![39m}
2022-07-26 09:20:11:2011 - [32minfo[39m : [32mAplicação está funcionando na porta 3000[39m}
2022-07-26 09:20:15:2015 - [32minfo[39m : [32mConectado com sucesso ao banco de dados !![39m}
2022-07-26 09:20:15:2015 - [32minfo[39m : [32mAplicação está funcionando na porta 3000[39m}
2022-07-26 09:20:57:2057 - [32minfo[39m : [32mConectado com sucesso ao banco de dados !![39m}
2022-07-26 09:20:57:2057 - [32minfo[39m : [32mAplicação está funcionando na porta 3000[39m}
2022-07-26 09:21:01:211 - [32minfo[39m : [32mConectado com sucesso ao banco de dados !![39m}
2022-07-26 09:21:01:211 - [32minfo[39m : [32mAplicação está funcionando na porta 3000[39m}
2022-07-26 09:21:12:2112 - [32minfo[39m : [32mConectado com sucesso ao banco de dados !![39m}
2022-07-26 09:21:12:2112 - [32minfo[39m : [32mAplicação está funcionando na porta 3000[39m}
2022-07-26 09:21:59:2159 - [32minfo[39m : [32mConectado com sucesso ao banco de dados !![39m}
2022-07-26 09:21:59:2159 - [32minfo[39m : [32mAplicação está funcionando na porta 3000[39m}
2022-07-26 09:22:16:2216 - [31merror[39m : [31mErro no sistema: Cast to ObjectId failed for value "62dfd8ba5c6324" (type string) at path "_id" for model "Movie"[39m}
2022-07-26 09:22:27:2227 - [35mhttp[39m : [35mGET /api/movie/62dfd8ba5c6324 : status - -- ms[39m
[35m[39m}
2022-07-26 09:23:19:2319 - [32minfo[39m : [32mConectado com sucesso ao banco de dados !![39m}
2022-07-26 09:23:19:2319 - [32minfo[39m : [32mAplicação está funcionando na porta 3000[39m}
2022-07-26 09:23:25:2325 - [32minfo[39m : [32mConectado com sucesso ao banco de dados !![39m}
2022-07-26 09:23:25:2325 - [32minfo[39m : [32mAplicação está funcionando na porta 3000[39m}
2022-07-26 09:23:55:2355 - [32minfo[39m : [32mConectado com sucesso ao banco de dados !![39m}
2022-07-26 09:23:55:2355 - [32minfo[39m : [32mAplicação está funcionando na porta 3000[39m}
2022-07-26 09:24:02:242 - [31merror[39m : [31mErro no sistema: Cast to ObjectId failed for value "62dfd8ba5c6324" (type string) at path "_id" for model "Movie"[39m}
2022-07-26 09:24:13:2413 - [35mhttp[39m : [35mGET /api/movie/62dfd8ba5c6324 : status - -- ms[39m
[35m[39m}
2022-07-26 09:25:10:2510 - [32minfo[39m : [32mConectado com sucesso ao banco de dados !![39m}
2022-07-26 09:25:10:2510 - [32minfo[39m : [32mAplicação está funcionando na porta 3000[39m}
2022-07-26 09:25:14:2514 - [35mhttp[39m : [35mGET /api/movie/62dfd8ba5c6324 : status 31 -76.990 ms[39m
[35m[39m}
2022-07-26 09:25:56:2556 - [32minfo[39m : [32mConectado com sucesso ao banco de dados !![39m}
2022-07-26 09:25:56:2556 - [32minfo[39m : [32mAplicação está funcionando na porta 3000[39m}
2022-07-26 09:26:03:263 - [32minfo[39m : [32mConectado com sucesso ao banco de dados !![39m}
2022-07-26 09:26:03:263 - [32minfo[39m : [32mAplicação está funcionando na porta 3000[39m}
2022-07-26 09:26:05:265 - [35mhttp[39m : [35mGET /api/movie/62dfd8ba5c6324 : status 31 -82.634 ms[39m
[35m[39m}
2022-07-26 09:26:44:2644 - [32minfo[39m : [32mConectado com sucesso ao banco de dados !![39m}
2022-07-26 09:26:44:2644 - [32minfo[39m : [32mAplicação está funcionando na porta 3000[39m}
2022-07-26 09:26:49:2649 - [32minfo[39m : [32mConectado com sucesso ao banco de dados !![39m}
2022-07-26 09:26:49:2649 - [32minfo[39m : [32mAplicação está funcionando na porta 3000[39m}
2022-07-26 09:26:53:2653 - [32minfo[39m : [32mConectado com sucesso ao banco de dados !![39m}
2022-07-26 09:26:53:2653 - [32minfo[39m : [32mAplicação está funcionando na porta 3000[39m}
2022-07-26 09:26:54:2654 - [35mhttp[39m : [35mGET /api/movie/62dfd8ba5c6324257ee9fb0c : status 31 -117.810 ms[39m
[35m[39m}
2022-07-26 09:26:58:2658 - [35mhttp[39m : [35mGET /api/movie/62dfd8ba5c6324257ee9fb0c : status 31 -59.083 ms[39m
[35m[39m}
2022-07-26 09:27:24:2724 - [35mhttp[39m : [35mPOST /api/movie/ : status 743 -292.367 ms[39m
[35m[39m}
2022-07-26 09:27:39:2739 - [35mhttp[39m : [35mGET /api/movie/62dfddac582bbfd605906d41 : status 31 -62.860 ms[39m
[35m[39m}
2022-07-26 09:27:52:2752 - [32minfo[39m : [32mConectado com sucesso ao banco de dados !![39m}
2022-07-26 09:27:52:2752 - [32minfo[39m : [32mAplicação está funcionando na porta 3000[39m}
2022-07-26 09:27:57:2757 - [32minfo[39m : [32mConectado com sucesso ao banco de dados !![39m}
2022-07-26 09:27:57:2757 - [32minfo[39m : [32mAplicação está funcionando na porta 3000[39m}
2022-07-26 09:28:03:283 - [35mhttp[39m : [35mGET /api/movie/62dfddac582bbfd605906d41 : status 743 -92.598 ms[39m
[35m[39m}
2022-07-26 09:28:14:2814 - [31merror[39m : [31mErro no sistema: Cast to ObjectId failed for value "6" (type string) at path "_id" for model "Movie"[39m}
2022-07-26 09:28:34:2834 - [35mhttp[39m : [35mGET /api/movie/6 : status - -- ms[39m
[35m[39m}
2022-07-26 09:28:46:2846 - [32minfo[39m : [32mConectado com sucesso ao banco de dados !![39m}
2022-07-26 09:28:46:2846 - [32minfo[39m : [32mAplicação está funcionando na porta 3000[39m}
2022-07-26 09:28:54:2854 - [31merror[39m : [31mErro no sistema: Cast to ObjectId failed for value "{ id: '6' }" (type Object) at path "_id" for model "Movie"[39m}
2022-07-26 09:28:54:2854 - [32minfo[39m : [32mConectado com sucesso ao banco de dados !![39m}
2022-07-26 09:28:54:2854 - [32minfo[39m : [32mAplicação está funcionando na porta 3000[39m}
2022-07-26 09:29:01:291 - [35mhttp[39m : [35mGET /api/movie/6 : status - -- ms[39m
[35m[39m}
2022-07-26 09:29:04:294 - [31merror[39m : [31mErro no sistema: Cast to ObjectId failed for value "{ id: '6' }" (type Object) at path "_id" for model "Movie"[39m}
2022-07-26 09:29:16:2916 - [32minfo[39m : [32mConectado com sucesso ao banco de dados !![39m}
2022-07-26 09:29:16:2916 - [32minfo[39m : [32mAplicação está funcionando na porta 3000[39m}
2022-07-26 09:29:26:2926 - [35mhttp[39m : [35mGET /api/movie/6 : status 31 -219.195 ms[39m
[35m[39m}
2022-07-26 09:29:34:2934 - [35mhttp[39m : [35mGET /api/movie/62dfddac582bbfd605906d41 : status 31 -53.112 ms[39m
[35m[39m}
2022-07-26 09:32:26:3226 - [32minfo[39m : [32mConectado com sucesso ao banco de dados !![39m}
2022-07-26 09:32:26:3226 - [32minfo[39m : [32mAplicação está funcionando na porta 3000[39m}
2022-07-26 09:32:34:3234 - [32minfo[39m : [32mConectado com sucesso ao banco de dados !![39m}
2022-07-26 09:32:34:3234 - [32minfo[39m : [32mAplicação está funcionando na porta 3000[39m}
2022-07-26 09:32:44:3244 - [32minfo[39m : [32mConectado com sucesso ao banco de dados !![39m}
2022-07-26 09:32:44:3244 - [32minfo[39m : [32mAplicação está funcionando na porta 3000[39m}
2022-07-26 09:32:47:3247 - [35mhttp[39m : [35mGET /api/movie/62dfddac582bbfd605906d41 : status 743 -95.108 ms[39m
[35m[39m}
2022-07-26 09:32:54:3254 - [35mhttp[39m : [35mGET /api/movie/62dfddac582b : status 32 -58.085 ms[39m
[35m[39m}
2022-07-26 09:33:09:339 - [32minfo[39m : [32mConectado com sucesso ao banco de dados !![39m}
2022-07-26 09:33:09:339 - [32minfo[39m : [32mAplicação está funcionando na porta 3000[39m}
2022-07-26 09:34:19:3419 - [32minfo[39m : [32mConectado com sucesso ao banco de dados !![39m}
2022-07-26 09:34:19:3419 - [32minfo[39m : [32mAplicação está funcionando na porta 3000[39m}
2022-07-26 09:34:41:3441 - [32minfo[39m : [32mConectado com sucesso ao banco de dados !![39m}
2022-07-26 09:34:41:3441 - [32minfo[39m : [32mAplicação está funcionando na porta 3000[39m}
2022-07-26 09:34:47:3447 - [35mhttp[39m : [35mGET /api/movie/62dfddac582b : status 31 -72.812 ms[39m
[35m[39m}
2022-07-26 09:34:50:3450 - [35mhttp[39m : [35mGET /api/movie/62dfddac582bbfd605906d41 : status 743 -81.040 ms[39m
[35m[39m}
2022-07-26 09:35:17:3517 - [32minfo[39m : [32mConectado com sucesso ao banco de dados !![39m}
2022-07-26 09:35:17:3517 - [32minfo[39m : [32mAplicação está funcionando na porta 3000[39m}
2022-07-26 09:35:45:3545 - [32minfo[39m : [32mConectado com sucesso ao banco de dados !![39m}
2022-07-26 09:35:45:3545 - [32minfo[39m : [32mAplicação está funcionando na porta 3000[39m}
2022-07-26 09:35:51:3551 - [32minfo[39m : [32mConectado com sucesso ao banco de dados !![39m}
2022-07-26 09:35:51:3551 - [32minfo[39m : [32mAplicação está funcionando na porta 3000[39m}
2022-07-26 09:36:00:360 - [32minfo[39m : [32mConectado com sucesso ao banco de dados !![39m}
2022-07-26 09:36:00:360 - [32minfo[39m : [32mAplicação está funcionando na porta 3000[39m}
2022-07-26 09:36:14:3614 - [32minfo[39m : [32mConectado com sucesso ao banco de dados !![39m}
2022-07-26 09:36:14:3614 - [32minfo[39m : [32mAplicação está funcionando na porta 3000[39m}
2022-07-26 09:36:34:3634 - [32minfo[39m : [32mConectado com sucesso ao banco de dados !![39m}
2022-07-26 09:36:34:3634 - [32minfo[39m : [32mAplicação está funcionando na porta 3000[39m}
2022-07-26 09:36:37:3637 - [35mhttp[39m : [35mGET /api/movie/62dfddac582bbfd605906d41 : status 743 -85.683 ms[39m
[35m[39m}
2022-07-26 09:36:41:3641 - [35mhttp[39m : [35mGET /api/movie/62dfddac582b : status 31 -50.662 ms[39m
[35m[39m}
2022-07-26 09:37:09:379 - [32minfo[39m : [32mConectado com sucesso ao banco de dados !![39m}
2022-07-26 09:37:09:379 - [32minfo[39m : [32mAplicação está funcionando na porta 3000[39m}
2022-07-26 09:37:21:3721 - [32minfo[39m : [32mConectado com sucesso ao banco de dados !![39m}
2022-07-26 09:37:21:3721 - [32minfo[39m : [32mAplicação está funcionando na porta 3000[39m}
2022-07-26 09:37:34:3734 - [32minfo[39m : [32mConectado com sucesso ao banco de dados !![39m}
2022-07-26 09:37:34:3734 - [32minfo[39m : [32mAplicação está funcionando na porta 3000[39m}
2022-07-26 09:37:39:3739 - [32minfo[39m : [32mConectado com sucesso ao banco de dados !![39m}
2022-07-26 09:37:39:3739 - [32minfo[39m : [32mAplicação está funcionando na porta 3000[39m}
2022-07-26 09:37:45:3745 - [32minfo[39m : [32mConectado com sucesso ao banco de dados !![39m}
2022-07-26 09:37:45:3745 - [32minfo[39m : [32mAplicação está funcionando na porta 3000[39m}
2022-07-26 09:37:54:3754 - [32minfo[39m : [32mConectado com sucesso ao banco de dados !![39m}
2022-07-26 09:37:54:3754 - [32minfo[39m : [32mAplicação está funcionando na porta 3000[39m}
2022-07-26 09:37:59:3759 - [32minfo[39m : [32mConectado com sucesso ao banco de dados !![39m}
2022-07-26 09:37:59:3759 - [32minfo[39m : [32mAplicação está funcionando na porta 3000[39m}
2022-07-26 09:38:02:382 - [32minfo[39m : [32mConectado com sucesso ao banco de dados !![39m}
2022-07-26 09:38:02:382 - [32minfo[39m : [32mAplicação está funcionando na porta 3000[39m}
2022-07-26 09:38:17:3817 - [32minfo[39m : [32mConectado com sucesso ao banco de dados !![39m}
2022-07-26 09:38:17:3817 - [32minfo[39m : [32mAplicação está funcionando na porta 3000[39m}
2022-07-26 09:39:35:3935 - [35mhttp[39m : [35mGET /api/movie : status 3347 -180.609 ms[39m
[35m[39m}
2022-07-26 09:40:19:4019 - [32minfo[39m : [32mConectado com sucesso ao banco de dados !![39m}
2022-07-26 09:40:19:4019 - [32minfo[39m : [32mAplicação está funcionando na porta 3000[39m}
2022-07-26 09:40:32:4032 - [32minfo[39m : [32mConectado com sucesso ao banco de dados !![39m}
2022-07-26 09:40:32:4032 - [32minfo[39m : [32mAplicação está funcionando na porta 3000[39m}
2022-07-26 09:40:46:4046 - [32minfo[39m : [32mConectado com sucesso ao banco de dados !![39m}
2022-07-26 09:40:46:4046 - [32minfo[39m : [32mAplicação está funcionando na porta 3000[39m}
2022-07-26 09:41:03:413 - [32minfo[39m : [32mConectado com sucesso ao banco de dados !![39m}
2022-07-26 09:41:03:413 - [32minfo[39m : [32mAplicação está funcionando na porta 3000[39m}
2022-07-26 09:41:16:4116 - [32minfo[39m : [32mConectado com sucesso ao banco de dados !![39m}
2022-07-26 09:41:16:4116 - [32minfo[39m : [32mAplicação está funcionando na porta 3000[39m}
2022-07-26 09:41:33:4133 - [32minfo[39m : [32mConectado com sucesso ao banco de dados !![39m}
2022-07-26 09:41:33:4133 - [32minfo[39m : [32mAplicação está funcionando na porta 3000[39m}
2022-07-26 09:41:38:4138 - [32minfo[39m : [32mConectado com sucesso ao banco de dados !![39m}
2022-07-26 09:41:38:4138 - [32minfo[39m : [32mAplicação está funcionando na porta 3000[39m}
2022-07-26 09:41:44:4144 - [32minfo[39m : [32mConectado com sucesso ao banco de dados !![39m}
2022-07-26 09:41:44:4144 - [32minfo[39m : [32mAplicação está funcionando na porta 3000[39m}
2022-07-26 09:41:58:4158 - [32minfo[39m : [32mConectado com sucesso ao banco de dados !![39m}
2022-07-26 09:41:58:4158 - [32minfo[39m : [32mAplicação está funcionando na porta 3000[39m}
2022-07-26 09:42:08:428 - [32minfo[39m : [32mConectado com sucesso ao banco de dados !![39m}
2022-07-26 09:42:08:428 - [32minfo[39m : [32mAplicação está funcionando na porta 3000[39m}
2022-07-26 09:42:17:4217 - [32minfo[39m : [32mConectado com sucesso ao banco de dados !![39m}
2022-07-26 09:42:17:4217 - [32minfo[39m : [32mAplicação está funcionando na porta 3000[39m}
2022-07-26 09:42:36:4236 - [32minfo[39m : [32mConectado com sucesso ao banco de dados !![39m}
2022-07-26 09:42:36:4236 - [32minfo[39m : [32mAplicação está funcionando na porta 3000[39m}
2022-07-26 09:42:46:4246 - [32minfo[39m : [32mConectado com sucesso ao banco de dados !![39m}
2022-07-26 09:42:46:4246 - [32minfo[39m : [32mAplicação está funcionando na porta 3000[39m}
2022-07-26 09:42:55:4255 - [32minfo[39m : [32mConectado com sucesso ao banco de dados !![39m}
2022-07-26 09:42:55:4255 - [32minfo[39m : [32mAplicação está funcionando na porta 3000[39m}
2022-07-26 09:43:01:431 - [32minfo[39m : [32mConectado com sucesso ao banco de dados !![39m}
2022-07-26 09:43:01:431 - [32minfo[39m : [32mAplicação está funcionando na porta 3000[39m}
2022-07-26 09:54:50:5450 - [32minfo[39m : [32mConectado com sucesso ao banco de dados !![39m}
2022-07-26 09:54:50:5450 - [32minfo[39m : [32mAplicação está funcionando na porta 3000[39m}
2022-07-26 09:56:27:5627 - [31merror[39m : [31mErro no sistema: Cast to ObjectId failed for value "62dea657b" (type string) at path "_id" for model "Movie"[39m}
2022-07-26 09:56:27:5627 - [35mhttp[39m : [35mDELETE /api/movie/62dea657b : status 39 -14.920 ms[39m
[35m[39m}
2022-07-26 09:57:03:573 - [32minfo[39m : [32mConectado com sucesso ao banco de dados !![39m}
2022-07-26 09:57:03:573 - [32minfo[39m : [32mAplicação está funcionando na porta 3000[39m}
2022-07-26 09:57:04:574 - [35mhttp[39m : [35mDELETE /api/movie/62dea657b8380ee736c51ad2 : status 37 -144.273 ms[39m
[35m[39m}
2022-07-26 09:57:21:5721 - [32minfo[39m : [32mConectado com sucesso ao banco de dados !![39m}
2022-07-26 09:57:21:5721 - [32minfo[39m : [32mAplicação está funcionando na porta 3000[39m}
2022-07-26 09:57:26:5726 - [32minfo[39m : [32mConectado com sucesso ao banco de dados !![39m}
2022-07-26 09:57:26:5726 - [32minfo[39m : [32mAplicação está funcionando na porta 3000[39m}
2022-07-26 09:57:33:5733 - [32minfo[39m : [32mConectado com sucesso ao banco de dados !![39m}
2022-07-26 09:57:33:5733 - [32minfo[39m : [32mAplicação está funcionando na porta 3000[39m}
2022-07-26 09:57:39:5739 - [32minfo[39m : [32mConectado com sucesso ao banco de dados !![39m}
2022-07-26 09:57:39:5739 - [32minfo[39m : [32mAplicação está funcionando na porta 3000[39m}
2022-07-26 09:58:38:5838 - [32minfo[39m : [32mConectado com sucesso ao banco de dados !![39m}
2022-07-26 09:58:38:5838 - [32minfo[39m : [32mAplicação está funcionando na porta 3000[39m}
2022-07-26 09:58:48:5848 - [32minfo[39m : [32mConectado com sucesso ao banco de dados !![39m}
2022-07-26 09:58:48:5848 - [32minfo[39m : [32mAplicação está funcionando na porta 3000[39m}
2022-07-26 09:58:52:5852 - [32minfo[39m : [32mConectado com sucesso ao banco de dados !![39m}
2022-07-26 09:58:52:5852 - [32minfo[39m : [32mAplicação está funcionando na porta 3000[39m}
2022-07-26 09:59:04:594 - [32minfo[39m : [32mConectado com sucesso ao banco de dados !![39m}
2022-07-26 09:59:04:594 - [32minfo[39m : [32mAplicação está funcionando na porta 3000[39m}
2022-07-26 09:59:05:595 - [35mhttp[39m : [35mDELETE /api/movie/62dea657b8380ee736c51ad2 : status 31 -61.551 ms[39m
[35m[39m}
2022-07-26 09:59:22:5922 - [35mhttp[39m : [35mGET /api/movie : status 3191 -70.299 ms[39m
[35m[39m}
2022-07-26 09:59:31:5931 - [35mhttp[39m : [35mDELETE /api/movie/62deae17687b8c686ad26ab2 : status 39 -113.999 ms[39m
[35m[39m}
2022-07-26 09:59:34:5934 - [35mhttp[39m : [35mGET /api/movie : status 3039 -58.951 ms[39m
[35m[39m}
2022-07-26 10:00:19:019 - [32minfo[39m : [32mConectado com sucesso ao banco de dados !![39m}
2022-07-26 10:00:19:019 - [32minfo[39m : [32mAplicação está funcionando na porta 3000[39m}
2022-07-26 10:05:43:543 - [32minfo[39m : [32mConectado com sucesso ao banco de dados !![39m}
2022-07-26 10:05:43:543 - [32minfo[39m : [32mAplicação está funcionando na porta 3000[39m}
2022-07-26 10:05:59:559 - [32minfo[39m : [32mConectado com sucesso ao banco de dados !![39m}
2022-07-26 10:05:59:559 - [32minfo[39m : [32mAplicação está funcionando na porta 3000[39m}
2022-07-26 10:06:15:615 - [32minfo[39m : [32mConectado com sucesso ao banco de dados !![39m}
2022-07-26 10:06:15:615 - [32minfo[39m : [32mAplicação está funcionando na porta 3000[39m}
2022-07-26 10:06:48:648 - [32minfo[39m : [32mConectado com sucesso ao banco de dados !![39m}
2022-07-26 10:06:48:648 - [32minfo[39m : [32mAplicação está funcionando na porta 3000[39m}
2022-07-26 10:06:52:652 - [32minfo[39m : [32mConectado com sucesso ao banco de dados !![39m}
2022-07-26 10:06:52:652 - [32minfo[39m : [32mAplicação está funcionando na porta 3000[39m}
2022-07-26 10:06:56:656 - [32minfo[39m : [32mConectado com sucesso ao banco de dados !![39m}
2022-07-26 10:06:56:656 - [32minfo[39m : [32mAplicação está funcionando na porta 3000[39m}
2022-07-26 10:07:00:70 - [32minfo[39m : [32mConectado com sucesso ao banco de dados !![39m}
2022-07-26 10:07:00:70 - [32minfo[39m : [32mAplicação está funcionando na porta 3000[39m}
2022-07-26 10:07:10:710 - [32minfo[39m : [32mConectado com sucesso ao banco de dados !![39m}
2022-07-26 10:07:10:710 - [32minfo[39m : [32mAplicação está funcionando na porta 3000[39m}
2022-07-26 10:07:22:722 - [32minfo[39m : [32mConectado com sucesso ao banco de dados !![39m}
2022-07-26 10:07:22:722 - [32minfo[39m : [32mAplicação está funcionando na porta 3000[39m}
2022-07-26 10:07:29:729 - [32minfo[39m : [32mConectado com sucesso ao banco de dados !![39m}
2022-07-26 10:07:29:729 - [32minfo[39m : [32mAplicação está funcionando na porta 3000[39m}
2022-07-26 10:07:38:738 - [32minfo[39m : [32mConectado com sucesso ao banco de dados !![39m}
2022-07-26 10:07:38:738 - [32minfo[39m : [32mAplicação está funcionando na porta 3000[39m}
2022-07-26 10:07:46:746 - [32minfo[39m : [32mConectado com sucesso ao banco de dados !![39m}
2022-07-26 10:07:46:746 - [32minfo[39m : [32mAplicação está funcionando na porta 3000[39m}
2022-07-26 10:07:49:749 - [32minfo[39m : [32mConectado com sucesso ao banco de dados !![39m}
2022-07-26 10:07:49:749 - [32minfo[39m : [32mAplicação está funcionando na porta 3000[39m}
2022-07-26 10:08:14:814 - [32minfo[39m : [32mConectado com sucesso ao banco de dados !![39m}
2022-07-26 10:08:14:814 - [32minfo[39m : [32mAplicação está funcionando na porta 3000[39m}
2022-07-26 10:08:39:839 - [35mhttp[39m : [35mPATCH /api/%20 : status 148 -5.360 ms[39m
[35m[39m}
2022-07-26 10:08:48:848 - [31merror[39m : [31mErro no sistema: Cast to ObjectId failed for value "asdasddas" (type string) at path "_id" for model "Movie"[39m}
2022-07-26 10:08:48:848 - [35mhttp[39m : [35mPATCH /api/movie/asdasddas : status 39 -14.858 ms[39m
[35m[39m}
2022-07-26 10:09:03:93 - [35mhttp[39m : [35mPATCH /api/movie/ : status 151 -1.866 ms[39m
[35m[39m}
2022-07-26 10:09:10:910 - [31merror[39m : [31mErro no sistema: Cast to ObjectId failed for value "sdfdasfds" (type string) at path "_id" for model "Movie"[39m}
2022-07-26 10:09:10:910 - [35mhttp[39m : [35mPATCH /api/movie/sdfdasfds : status 39 -10.714 ms[39m
[35m[39m}
2022-07-26 10:09:39:939 - [32minfo[39m : [32mConectado com sucesso ao banco de dados !![39m}
2022-07-26 10:09:39:939 - [32minfo[39m : [32mAplicação está funcionando na porta 3000[39m}
2022-07-26 10:09:43:943 - [31merror[39m : [31mErro no sistema: Cast to ObjectId failed for value "sdfdasfds" (type string) at path "_id" for model "Movie"[39m}
2022-07-26 10:09:43:943 - [35mhttp[39m : [35mPATCH /api/movie/sdfdasfds : status 39 -16.489 ms[39m
[35m[39m}
2022-07-26 10:09:55:955 - [32minfo[39m : [32mConectado com sucesso ao banco de dados !![39m}
2022-07-26 10:09:55:955 - [32minfo[39m : [32mAplicação está funcionando na porta 3000[39m}
2022-07-26 10:10:09:109 - [32minfo[39m : [32mConectado com sucesso ao banco de dados !![39m}
2022-07-26 10:10:09:109 - [32minfo[39m : [32mAplicação está funcionando na porta 3000[39m}
2022-07-26 10:10:21:1021 - [32minfo[39m : [32mConectado com sucesso ao banco de dados !![39m}
2022-07-26 10:10:21:1021 - [32minfo[39m : [32mAplicação está funcionando na porta 3000[39m}
2022-07-26 10:10:26:1026 - [32minfo[39m : [32mConectado com sucesso ao banco de dados !![39m}
2022-07-26 10:10:26:1026 - [32minfo[39m : [32mAplicação está funcionando na porta 3000[39m}
2022-07-26 10:10:31:1031 - [32minfo[39m : [32mConectado com sucesso ao banco de dados !![39m}
2022-07-26 10:10:31:1031 - [32minfo[39m : [32mAplicação está funcionando na porta 3000[39m}
2022-07-26 10:10:38:1038 - [32minfo[39m : [32mConectado com sucesso ao banco de dados !![39m}
2022-07-26 10:10:38:1038 - [32minfo[39m : [32mAplicação está funcionando na porta 3000[39m}
2022-07-26 10:11:22:1122 - [32minfo[39m : [32mConectado com sucesso ao banco de dados !![39m}
2022-07-26 10:11:22:1122 - [32minfo[39m : [32mAplicação está funcionando na porta 3000[39m}
2022-07-26 10:11:25:1125 - [32minfo[39m : [32mConectado com sucesso ao banco de dados !![39m}
2022-07-26 10:11:25:1125 - [32minfo[39m : [32mAplicação está funcionando na porta 3000[39m}
2022-07-26 10:11:34:1134 - [32minfo[39m : [32mConectado com sucesso ao banco de dados !![39m}
2022-07-26 10:11:34:1134 - [32minfo[39m : [32mAplicação está funcionando na porta 3000[39m}
2022-07-26 10:12:53:1253 - [35mhttp[39m : [35mPATCH /api/movie/62dfddac582bbfd605906d41 : status 717 -151.913 ms[39m
[35m[39m}
2022-07-26 10:13:10:1310 - [35mhttp[39m : [35mGET /api/movie : status 3046 -65.221 ms[39m
[35m[39m}
2022-07-26 10:13:45:1345 - [32minfo[39m : [32mConectado com sucesso ao banco de dados !![39m}
2022-07-26 10:13:45:1345 - [32minfo[39m : [32mAplicação está funcionando na porta 3000[39m}
2022-07-26 10:14:15:1415 - [35mhttp[39m : [35mPATCH /api/movie/62dfddac582bbfd605906d41 : status 107 -43.685 ms[39m
[35m[39m}
2022-07-26 10:14:33:1433 - [35mhttp[39m : [35mPATCH /api/movie/62dfddac582bbfd605906d41 : status 69 -9.900 ms[39m
[35m[39m}
